[2025-06-14 19:59:44] local.ERROR: Unsupported cipher or incorrect key length. Supported ciphers are: aes-128-cbc, aes-256-cbc, aes-128-gcm, aes-256-gcm. {"exception":"[object] (RuntimeException(code: 0): Unsupported cipher or incorrect key length. Supported ciphers are: aes-128-cbc, aes-256-cbc, aes-128-gcm, aes-256-gcm. at /home/ahmedalaa/Desktop/eco-jara/project-bolt-sb1-rq8cqfod/project/vendor/laravel/framework/src/Illuminate/Encryption/Encrypter.php:62)
[stacktrace]
#0 /home/ahmedalaa/Desktop/eco-jara/project-bolt-sb1-rq8cqfod/project/vendor/laravel/framework/src/Illuminate/Encryption/EncryptionServiceProvider.php(32): Illuminate\\Encryption\\Encrypter->__construct()
#1 /home/ahmedalaa/Desktop/eco-jara/project-bolt-sb1-rq8cqfod/project/vendor/laravel/framework/src/Illuminate/Container/Container.php(952): Illuminate\\Encryption\\EncryptionServiceProvider->Illuminate\\Encryption\\{closure}()
#2 /home/ahmedalaa/Desktop/eco-jara/project-bolt-sb1-rq8cqfod/project/vendor/laravel/framework/src/Illuminate/Container/Container.php(832): Illuminate\\Container\\Container->build()
#3 /home/ahmedalaa/Desktop/eco-jara/project-bolt-sb1-rq8cqfod/project/vendor/laravel/framework/src/Illuminate/Foundation/Application.php(1078): Illuminate\\Container\\Container->resolve()
#4 /home/ahmedalaa/Desktop/eco-jara/project-bolt-sb1-rq8cqfod/project/vendor/laravel/framework/src/Illuminate/Container/Container.php(763): Illuminate\\Foundation\\Application->resolve()
#5 /home/ahmedalaa/Desktop/eco-jara/project-bolt-sb1-rq8cqfod/project/vendor/laravel/framework/src/Illuminate/Foundation/Application.php(1058): Illuminate\\Container\\Container->make()
#6 /home/ahmedalaa/Desktop/eco-jara/project-bolt-sb1-rq8cqfod/project/vendor/laravel/framework/src/Illuminate/Container/Container.php(1133): Illuminate\\Foundation\\Application->make()
#7 /home/ahmedalaa/Desktop/eco-jara/project-bolt-sb1-rq8cqfod/project/vendor/laravel/framework/src/Illuminate/Container/Container.php(1043): Illuminate\\Container\\Container->resolveClass()
#8 /home/ahmedalaa/Desktop/eco-jara/project-bolt-sb1-rq8cqfod/project/vendor/laravel/framework/src/Illuminate/Container/Container.php(994): Illuminate\\Container\\Container->resolveDependencies()
#9 /home/ahmedalaa/Desktop/eco-jara/project-bolt-sb1-rq8cqfod/project/vendor/laravel/framework/src/Illuminate/Container/Container.php(832): Illuminate\\Container\\Container->build()
#10 /home/ahmedalaa/Desktop/eco-jara/project-bolt-sb1-rq8cqfod/project/vendor/laravel/framework/src/Illuminate/Foundation/Application.php(1078): Illuminate\\Container\\Container->resolve()
#11 /home/ahmedalaa/Desktop/eco-jara/project-bolt-sb1-rq8cqfod/project/vendor/laravel/framework/src/Illuminate/Container/Container.php(763): Illuminate\\Foundation\\Application->resolve()
#12 /home/ahmedalaa/Desktop/eco-jara/project-bolt-sb1-rq8cqfod/project/vendor/laravel/framework/src/Illuminate/Foundation/Application.php(1058): Illuminate\\Container\\Container->make()
#13 /home/ahmedalaa/Desktop/eco-jara/project-bolt-sb1-rq8cqfod/project/vendor/laravel/framework/src/Illuminate/Pipeline/Pipeline.php(198): Illuminate\\Foundation\\Application->make()
#14 /home/ahmedalaa/Desktop/eco-jara/project-bolt-sb1-rq8cqfod/project/vendor/laravel/framework/src/Illuminate/Pipeline/Pipeline.php(127): Illuminate\\Pipeline\\Pipeline->Illuminate\\Pipeline\\{closure}()
#15 /home/ahmedalaa/Desktop/eco-jara/project-bolt-sb1-rq8cqfod/project/vendor/laravel/framework/src/Illuminate/Routing/Router.php(807): Illuminate\\Pipeline\\Pipeline->then()
#16 /home/ahmedalaa/Desktop/eco-jara/project-bolt-sb1-rq8cqfod/project/vendor/laravel/framework/src/Illuminate/Routing/Router.php(786): Illuminate\\Routing\\Router->runRouteWithinStack()
#17 /home/ahmedalaa/Desktop/eco-jara/project-bolt-sb1-rq8cqfod/project/vendor/laravel/framework/src/Illuminate/Routing/Router.php(750): Illuminate\\Routing\\Router->runRoute()
#18 /home/ahmedalaa/Desktop/eco-jara/project-bolt-sb1-rq8cqfod/project/vendor/laravel/framework/src/Illuminate/Routing/Router.php(739): Illuminate\\Routing\\Router->dispatchToRoute()
#19 /home/ahmedalaa/Desktop/eco-jara/project-bolt-sb1-rq8cqfod/project/vendor/laravel/framework/src/Illuminate/Foundation/Http/Kernel.php(201): Illuminate\\Routing\\Router->dispatch()
#20 /home/ahmedalaa/Desktop/eco-jara/project-bolt-sb1-rq8cqfod/project/vendor/laravel/framework/src/Illuminate/Pipeline/Pipeline.php(170): Illuminate\\Foundation\\Http\\Kernel->Illuminate\\Foundation\\Http\\{closure}()
#21 /home/ahmedalaa/Desktop/eco-jara/project-bolt-sb1-rq8cqfod/project/vendor/laravel/framework/src/Illuminate/Foundation/Http/Middleware/TransformsRequest.php(21): Illuminate\\Pipeline\\Pipeline->Illuminate\\Pipeline\\{closure}()
#22 /home/ahmedalaa/Desktop/eco-jara/project-bolt-sb1-rq8cqfod/project/vendor/laravel/framework/src/Illuminate/Foundation/Http/Middleware/ConvertEmptyStringsToNull.php(31): Illuminate\\Foundation\\Http\\Middleware\\TransformsRequest->handle()
#23 /home/ahmedalaa/Desktop/eco-jara/project-bolt-sb1-rq8cqfod/project/vendor/laravel/framework/src/Illuminate/Pipeline/Pipeline.php(209): Illuminate\\Foundation\\Http\\Middleware\\ConvertEmptyStringsToNull->handle()
#24 /home/ahmedalaa/Desktop/eco-jara/project-bolt-sb1-rq8cqfod/project/vendor/laravel/framework/src/Illuminate/Foundation/Http/Middleware/TransformsRequest.php(21): Illuminate\\Pipeline\\Pipeline->Illuminate\\Pipeline\\{closure}()
#25 /home/ahmedalaa/Desktop/eco-jara/project-bolt-sb1-rq8cqfod/project/vendor/laravel/framework/src/Illuminate/Foundation/Http/Middleware/TrimStrings.php(51): Illuminate\\Foundation\\Http\\Middleware\\TransformsRequest->handle()
#26 /home/ahmedalaa/Desktop/eco-jara/project-bolt-sb1-rq8cqfod/project/vendor/laravel/framework/src/Illuminate/Pipeline/Pipeline.php(209): Illuminate\\Foundation\\Http\\Middleware\\TrimStrings->handle()
#27 /home/ahmedalaa/Desktop/eco-jara/project-bolt-sb1-rq8cqfod/project/vendor/laravel/framework/src/Illuminate/Http/Middleware/ValidatePostSize.php(27): Illuminate\\Pipeline\\Pipeline->Illuminate\\Pipeline\\{closure}()
#28 /home/ahmedalaa/Desktop/eco-jara/project-bolt-sb1-rq8cqfod/project/vendor/laravel/framework/src/Illuminate/Pipeline/Pipeline.php(209): Illuminate\\Http\\Middleware\\ValidatePostSize->handle()
#29 /home/ahmedalaa/Desktop/eco-jara/project-bolt-sb1-rq8cqfod/project/vendor/laravel/framework/src/Illuminate/Foundation/Http/Middleware/PreventRequestsDuringMaintenance.php(110): Illuminate\\Pipeline\\Pipeline->Illuminate\\Pipeline\\{closure}()
#30 /home/ahmedalaa/Desktop/eco-jara/project-bolt-sb1-rq8cqfod/project/vendor/laravel/framework/src/Illuminate/Pipeline/Pipeline.php(209): Illuminate\\Foundation\\Http\\Middleware\\PreventRequestsDuringMaintenance->handle()
#31 /home/ahmedalaa/Desktop/eco-jara/project-bolt-sb1-rq8cqfod/project/vendor/laravel/framework/src/Illuminate/Http/Middleware/HandleCors.php(49): Illuminate\\Pipeline\\Pipeline->Illuminate\\Pipeline\\{closure}()
#32 /home/ahmedalaa/Desktop/eco-jara/project-bolt-sb1-rq8cqfod/project/vendor/laravel/framework/src/Illuminate/Pipeline/Pipeline.php(209): Illuminate\\Http\\Middleware\\HandleCors->handle()
#33 /home/ahmedalaa/Desktop/eco-jara/project-bolt-sb1-rq8cqfod/project/vendor/laravel/framework/src/Illuminate/Http/Middleware/TrustProxies.php(58): Illuminate\\Pipeline\\Pipeline->Illuminate\\Pipeline\\{closure}()
#34 /home/ahmedalaa/Desktop/eco-jara/project-bolt-sb1-rq8cqfod/project/vendor/laravel/framework/src/Illuminate/Pipeline/Pipeline.php(209): Illuminate\\Http\\Middleware\\TrustProxies->handle()
#35 /home/ahmedalaa/Desktop/eco-jara/project-bolt-sb1-rq8cqfod/project/vendor/laravel/framework/src/Illuminate/Foundation/Http/Middleware/InvokeDeferredCallbacks.php(22): Illuminate\\Pipeline\\Pipeline->Illuminate\\Pipeline\\{closure}()
#36 /home/ahmedalaa/Desktop/eco-jara/project-bolt-sb1-rq8cqfod/project/vendor/laravel/framework/src/Illuminate/Pipeline/Pipeline.php(209): Illuminate\\Foundation\\Http\\Middleware\\InvokeDeferredCallbacks->handle()
#37 /home/ahmedalaa/Desktop/eco-jara/project-bolt-sb1-rq8cqfod/project/vendor/laravel/framework/src/Illuminate/Pipeline/Pipeline.php(127): Illuminate\\Pipeline\\Pipeline->Illuminate\\Pipeline\\{closure}()
#38 /home/ahmedalaa/Desktop/eco-jara/project-bolt-sb1-rq8cqfod/project/vendor/laravel/framework/src/Illuminate/Foundation/Http/Kernel.php(176): Illuminate\\Pipeline\\Pipeline->then()
#39 /home/ahmedalaa/Desktop/eco-jara/project-bolt-sb1-rq8cqfod/project/vendor/laravel/framework/src/Illuminate/Foundation/Http/Kernel.php(145): Illuminate\\Foundation\\Http\\Kernel->sendRequestThroughRouter()
#40 /home/ahmedalaa/Desktop/eco-jara/project-bolt-sb1-rq8cqfod/project/public/index.php(51): Illuminate\\Foundation\\Http\\Kernel->handle()
#41 /home/ahmedalaa/Desktop/eco-jara/project-bolt-sb1-rq8cqfod/project/vendor/laravel/framework/src/Illuminate/Foundation/resources/server.php(23): require_once('...')
#42 {main}
"} 
[2025-06-14 19:59:44] local.ERROR: Unsupported cipher or incorrect key length. Supported ciphers are: aes-128-cbc, aes-256-cbc, aes-128-gcm, aes-256-gcm. {"exception":"[object] (RuntimeException(code: 0): Unsupported cipher or incorrect key length. Supported ciphers are: aes-128-cbc, aes-256-cbc, aes-128-gcm, aes-256-gcm. at /home/ahmedalaa/Desktop/eco-jara/project-bolt-sb1-rq8cqfod/project/vendor/laravel/framework/src/Illuminate/Encryption/Encrypter.php:62)
[stacktrace]
#0 /home/ahmedalaa/Desktop/eco-jara/project-bolt-sb1-rq8cqfod/project/vendor/laravel/framework/src/Illuminate/Encryption/EncryptionServiceProvider.php(32): Illuminate\\Encryption\\Encrypter->__construct()
#1 /home/ahmedalaa/Desktop/eco-jara/project-bolt-sb1-rq8cqfod/project/vendor/laravel/framework/src/Illuminate/Container/Container.php(952): Illuminate\\Encryption\\EncryptionServiceProvider->Illuminate\\Encryption\\{closure}()
#2 /home/ahmedalaa/Desktop/eco-jara/project-bolt-sb1-rq8cqfod/project/vendor/laravel/framework/src/Illuminate/Container/Container.php(832): Illuminate\\Container\\Container->build()
#3 /home/ahmedalaa/Desktop/eco-jara/project-bolt-sb1-rq8cqfod/project/vendor/laravel/framework/src/Illuminate/Foundation/Application.php(1078): Illuminate\\Container\\Container->resolve()
#4 /home/ahmedalaa/Desktop/eco-jara/project-bolt-sb1-rq8cqfod/project/vendor/laravel/framework/src/Illuminate/Container/Container.php(763): Illuminate\\Foundation\\Application->resolve()
#5 /home/ahmedalaa/Desktop/eco-jara/project-bolt-sb1-rq8cqfod/project/vendor/laravel/framework/src/Illuminate/Foundation/Application.php(1058): Illuminate\\Container\\Container->make()
#6 /home/ahmedalaa/Desktop/eco-jara/project-bolt-sb1-rq8cqfod/project/vendor/laravel/framework/src/Illuminate/Container/Container.php(1133): Illuminate\\Foundation\\Application->make()
#7 /home/ahmedalaa/Desktop/eco-jara/project-bolt-sb1-rq8cqfod/project/vendor/laravel/framework/src/Illuminate/Container/Container.php(1043): Illuminate\\Container\\Container->resolveClass()
#8 /home/ahmedalaa/Desktop/eco-jara/project-bolt-sb1-rq8cqfod/project/vendor/laravel/framework/src/Illuminate/Container/Container.php(994): Illuminate\\Container\\Container->resolveDependencies()
#9 /home/ahmedalaa/Desktop/eco-jara/project-bolt-sb1-rq8cqfod/project/vendor/laravel/framework/src/Illuminate/Container/Container.php(832): Illuminate\\Container\\Container->build()
#10 /home/ahmedalaa/Desktop/eco-jara/project-bolt-sb1-rq8cqfod/project/vendor/laravel/framework/src/Illuminate/Foundation/Application.php(1078): Illuminate\\Container\\Container->resolve()
#11 /home/ahmedalaa/Desktop/eco-jara/project-bolt-sb1-rq8cqfod/project/vendor/laravel/framework/src/Illuminate/Container/Container.php(763): Illuminate\\Foundation\\Application->resolve()
#12 /home/ahmedalaa/Desktop/eco-jara/project-bolt-sb1-rq8cqfod/project/vendor/laravel/framework/src/Illuminate/Foundation/Application.php(1058): Illuminate\\Container\\Container->make()
#13 /home/ahmedalaa/Desktop/eco-jara/project-bolt-sb1-rq8cqfod/project/vendor/laravel/framework/src/Illuminate/Foundation/Http/Kernel.php(258): Illuminate\\Foundation\\Application->make()
#14 /home/ahmedalaa/Desktop/eco-jara/project-bolt-sb1-rq8cqfod/project/vendor/laravel/framework/src/Illuminate/Foundation/Http/Kernel.php(216): Illuminate\\Foundation\\Http\\Kernel->terminateMiddleware()
#15 /home/ahmedalaa/Desktop/eco-jara/project-bolt-sb1-rq8cqfod/project/public/index.php(55): Illuminate\\Foundation\\Http\\Kernel->terminate()
#16 /home/ahmedalaa/Desktop/eco-jara/project-bolt-sb1-rq8cqfod/project/vendor/laravel/framework/src/Illuminate/Foundation/resources/server.php(23): require_once('...')
#17 {main}
"} 
[2025-06-14 19:59:44] local.ERROR: Uncaught ErrorException: Cannot modify header information - headers already sent by (output started at /home/ahmedalaa/Desktop/eco-jara/project-bolt-sb1-rq8cqfod/project/vendor/symfony/http-foundation/Response.php:387) in /home/ahmedalaa/Desktop/eco-jara/project-bolt-sb1-rq8cqfod/project/vendor/symfony/http-foundation/Response.php:322
Stack trace:
#0 /home/ahmedalaa/Desktop/eco-jara/project-bolt-sb1-rq8cqfod/project/vendor/laravel/framework/src/Illuminate/Foundation/Bootstrap/HandleExceptions.php(256): Illuminate\Foundation\Bootstrap\HandleExceptions->handleError()
#1 [internal function]: Illuminate\Foundation\Bootstrap\HandleExceptions->Illuminate\Foundation\Bootstrap\{closure}()
#2 /home/ahmedalaa/Desktop/eco-jara/project-bolt-sb1-rq8cqfod/project/vendor/symfony/http-foundation/Response.php(322): header()
#3 /home/ahmedalaa/Desktop/eco-jara/project-bolt-sb1-rq8cqfod/project/vendor/symfony/http-foundation/Response.php(401): Symfony\Component\HttpFoundation\Response->sendHeaders()
#4 /home/ahmedalaa/Desktop/eco-jara/project-bolt-sb1-rq8cqfod/project/vendor/laravel/framework/src/Illuminate/Foundation/Bootstrap/HandleExceptions.php(219): Symfony\Component\HttpFoundation\Response->send()
#5 /home/ahmedalaa/Desktop/eco-jara/project-bolt-sb1-rq8cqfod/project/vendor/laravel/framework/src/Illuminate/Foundation/Bootstrap/HandleExceptions.php(196): Illuminate\Foundation\Bootstrap\HandleExceptions->renderHttpResponse()
#6 /home/ahmedalaa/Desktop/eco-jara/project-bolt-sb1-rq8cqfod/project/vendor/laravel/framework/src/Illuminate/Foundation/Bootstrap/HandleExceptions.php(256): Illuminate\Foundation\Bootstrap\HandleExceptions->handleException()
#7 [internal function]: Illuminate\Foundation\Bootstrap\HandleExceptions->Illuminate\Foundation\Bootstrap\{closure}()
#8 {main}
  thrown {"exception":"[object] (Symfony\\Component\\ErrorHandler\\Error\\FatalError(code: 0): Uncaught ErrorException: Cannot modify header information - headers already sent by (output started at /home/ahmedalaa/Desktop/eco-jara/project-bolt-sb1-rq8cqfod/project/vendor/symfony/http-foundation/Response.php:387) in /home/ahmedalaa/Desktop/eco-jara/project-bolt-sb1-rq8cqfod/project/vendor/symfony/http-foundation/Response.php:322
Stack trace:
#0 /home/ahmedalaa/Desktop/eco-jara/project-bolt-sb1-rq8cqfod/project/vendor/laravel/framework/src/Illuminate/Foundation/Bootstrap/HandleExceptions.php(256): Illuminate\\Foundation\\Bootstrap\\HandleExceptions->handleError()
#1 [internal function]: Illuminate\\Foundation\\Bootstrap\\HandleExceptions->Illuminate\\Foundation\\Bootstrap\\{closure}()
#2 /home/ahmedalaa/Desktop/eco-jara/project-bolt-sb1-rq8cqfod/project/vendor/symfony/http-foundation/Response.php(322): header()
#3 /home/ahmedalaa/Desktop/eco-jara/project-bolt-sb1-rq8cqfod/project/vendor/symfony/http-foundation/Response.php(401): Symfony\\Component\\HttpFoundation\\Response->sendHeaders()
#4 /home/ahmedalaa/Desktop/eco-jara/project-bolt-sb1-rq8cqfod/project/vendor/laravel/framework/src/Illuminate/Foundation/Bootstrap/HandleExceptions.php(219): Symfony\\Component\\HttpFoundation\\Response->send()
#5 /home/ahmedalaa/Desktop/eco-jara/project-bolt-sb1-rq8cqfod/project/vendor/laravel/framework/src/Illuminate/Foundation/Bootstrap/HandleExceptions.php(196): Illuminate\\Foundation\\Bootstrap\\HandleExceptions->renderHttpResponse()
#6 /home/ahmedalaa/Desktop/eco-jara/project-bolt-sb1-rq8cqfod/project/vendor/laravel/framework/src/Illuminate/Foundation/Bootstrap/HandleExceptions.php(256): Illuminate\\Foundation\\Bootstrap\\HandleExceptions->handleException()
#7 [internal function]: Illuminate\\Foundation\\Bootstrap\\HandleExceptions->Illuminate\\Foundation\\Bootstrap\\{closure}()
#8 {main}
  thrown at /home/ahmedalaa/Desktop/eco-jara/project-bolt-sb1-rq8cqfod/project/vendor/symfony/http-foundation/Response.php:322)
[stacktrace]
#0 /home/ahmedalaa/Desktop/eco-jara/project-bolt-sb1-rq8cqfod/project/vendor/laravel/framework/src/Illuminate/Foundation/Bootstrap/HandleExceptions.php(245): Symfony\\Component\\ErrorHandler\\Error\\FatalError->__construct(message: '...', code: '...', error: '...', traceOffset: '...', traceArgs: '...', trace: '...')
#1 /home/ahmedalaa/Desktop/eco-jara/project-bolt-sb1-rq8cqfod/project/vendor/laravel/framework/src/Illuminate/Foundation/Bootstrap/HandleExceptions.php(232): Illuminate\\Foundation\\Bootstrap\\HandleExceptions->fatalErrorFromPhpError(error: '...', traceOffset: '...')
#2 /home/ahmedalaa/Desktop/eco-jara/project-bolt-sb1-rq8cqfod/project/vendor/laravel/framework/src/Illuminate/Foundation/Bootstrap/HandleExceptions.php(256): Illuminate\\Foundation\\Bootstrap\\HandleExceptions->handleShutdown()
#3 /home/ahmedalaa/Desktop/eco-jara/project-bolt-sb1-rq8cqfod/project/vendor/laravel/framework/src/Illuminate/Foundation/Bootstrap/HandleExceptions.php(0): Illuminate\\Foundation\\Bootstrap\\HandleExceptions->Illuminate\\Foundation\\Bootstrap\\{closure:/home/ahmedalaa/Desktop/eco-jara/project-bolt-sb1-rq8cqfod/project/vendor/laravel/framework/src/Illuminate/Foundation/Bootstrap/HandleExceptions.php:255-257}()
#4 {main}
"} 
[2025-06-14 19:59:44] local.ERROR: Unsupported cipher or incorrect key length. Supported ciphers are: aes-128-cbc, aes-256-cbc, aes-128-gcm, aes-256-gcm. {"exception":"[object] (RuntimeException(code: 0): Unsupported cipher or incorrect key length. Supported ciphers are: aes-128-cbc, aes-256-cbc, aes-128-gcm, aes-256-gcm. at /home/ahmedalaa/Desktop/eco-jara/project-bolt-sb1-rq8cqfod/project/vendor/laravel/framework/src/Illuminate/Encryption/Encrypter.php:62)
[stacktrace]
#0 /home/ahmedalaa/Desktop/eco-jara/project-bolt-sb1-rq8cqfod/project/vendor/laravel/framework/src/Illuminate/Encryption/EncryptionServiceProvider.php(32): Illuminate\\Encryption\\Encrypter->__construct()
#1 /home/ahmedalaa/Desktop/eco-jara/project-bolt-sb1-rq8cqfod/project/vendor/laravel/framework/src/Illuminate/Container/Container.php(952): Illuminate\\Encryption\\EncryptionServiceProvider->Illuminate\\Encryption\\{closure}()
#2 /home/ahmedalaa/Desktop/eco-jara/project-bolt-sb1-rq8cqfod/project/vendor/laravel/framework/src/Illuminate/Container/Container.php(832): Illuminate\\Container\\Container->build()
#3 /home/ahmedalaa/Desktop/eco-jara/project-bolt-sb1-rq8cqfod/project/vendor/laravel/framework/src/Illuminate/Foundation/Application.php(1078): Illuminate\\Container\\Container->resolve()
#4 /home/ahmedalaa/Desktop/eco-jara/project-bolt-sb1-rq8cqfod/project/vendor/laravel/framework/src/Illuminate/Container/Container.php(763): Illuminate\\Foundation\\Application->resolve()
#5 /home/ahmedalaa/Desktop/eco-jara/project-bolt-sb1-rq8cqfod/project/vendor/laravel/framework/src/Illuminate/Foundation/Application.php(1058): Illuminate\\Container\\Container->make()
#6 /home/ahmedalaa/Desktop/eco-jara/project-bolt-sb1-rq8cqfod/project/vendor/laravel/framework/src/Illuminate/Container/Container.php(1133): Illuminate\\Foundation\\Application->make()
#7 /home/ahmedalaa/Desktop/eco-jara/project-bolt-sb1-rq8cqfod/project/vendor/laravel/framework/src/Illuminate/Container/Container.php(1043): Illuminate\\Container\\Container->resolveClass()
#8 /home/ahmedalaa/Desktop/eco-jara/project-bolt-sb1-rq8cqfod/project/vendor/laravel/framework/src/Illuminate/Container/Container.php(994): Illuminate\\Container\\Container->resolveDependencies()
#9 /home/ahmedalaa/Desktop/eco-jara/project-bolt-sb1-rq8cqfod/project/vendor/laravel/framework/src/Illuminate/Container/Container.php(832): Illuminate\\Container\\Container->build()
#10 /home/ahmedalaa/Desktop/eco-jara/project-bolt-sb1-rq8cqfod/project/vendor/laravel/framework/src/Illuminate/Foundation/Application.php(1078): Illuminate\\Container\\Container->resolve()
#11 /home/ahmedalaa/Desktop/eco-jara/project-bolt-sb1-rq8cqfod/project/vendor/laravel/framework/src/Illuminate/Container/Container.php(763): Illuminate\\Foundation\\Application->resolve()
#12 /home/ahmedalaa/Desktop/eco-jara/project-bolt-sb1-rq8cqfod/project/vendor/laravel/framework/src/Illuminate/Foundation/Application.php(1058): Illuminate\\Container\\Container->make()
#13 /home/ahmedalaa/Desktop/eco-jara/project-bolt-sb1-rq8cqfod/project/vendor/laravel/framework/src/Illuminate/Pipeline/Pipeline.php(198): Illuminate\\Foundation\\Application->make()
#14 /home/ahmedalaa/Desktop/eco-jara/project-bolt-sb1-rq8cqfod/project/vendor/laravel/framework/src/Illuminate/Pipeline/Pipeline.php(127): Illuminate\\Pipeline\\Pipeline->Illuminate\\Pipeline\\{closure}()
#15 /home/ahmedalaa/Desktop/eco-jara/project-bolt-sb1-rq8cqfod/project/vendor/laravel/framework/src/Illuminate/Routing/Router.php(807): Illuminate\\Pipeline\\Pipeline->then()
#16 /home/ahmedalaa/Desktop/eco-jara/project-bolt-sb1-rq8cqfod/project/vendor/laravel/framework/src/Illuminate/Routing/Router.php(786): Illuminate\\Routing\\Router->runRouteWithinStack()
#17 /home/ahmedalaa/Desktop/eco-jara/project-bolt-sb1-rq8cqfod/project/vendor/laravel/framework/src/Illuminate/Routing/Router.php(750): Illuminate\\Routing\\Router->runRoute()
#18 /home/ahmedalaa/Desktop/eco-jara/project-bolt-sb1-rq8cqfod/project/vendor/laravel/framework/src/Illuminate/Routing/Router.php(739): Illuminate\\Routing\\Router->dispatchToRoute()
#19 /home/ahmedalaa/Desktop/eco-jara/project-bolt-sb1-rq8cqfod/project/vendor/laravel/framework/src/Illuminate/Foundation/Http/Kernel.php(201): Illuminate\\Routing\\Router->dispatch()
#20 /home/ahmedalaa/Desktop/eco-jara/project-bolt-sb1-rq8cqfod/project/vendor/laravel/framework/src/Illuminate/Pipeline/Pipeline.php(170): Illuminate\\Foundation\\Http\\Kernel->Illuminate\\Foundation\\Http\\{closure}()
#21 /home/ahmedalaa/Desktop/eco-jara/project-bolt-sb1-rq8cqfod/project/vendor/laravel/framework/src/Illuminate/Foundation/Http/Middleware/TransformsRequest.php(21): Illuminate\\Pipeline\\Pipeline->Illuminate\\Pipeline\\{closure}()
#22 /home/ahmedalaa/Desktop/eco-jara/project-bolt-sb1-rq8cqfod/project/vendor/laravel/framework/src/Illuminate/Foundation/Http/Middleware/ConvertEmptyStringsToNull.php(31): Illuminate\\Foundation\\Http\\Middleware\\TransformsRequest->handle()
#23 /home/ahmedalaa/Desktop/eco-jara/project-bolt-sb1-rq8cqfod/project/vendor/laravel/framework/src/Illuminate/Pipeline/Pipeline.php(209): Illuminate\\Foundation\\Http\\Middleware\\ConvertEmptyStringsToNull->handle()
#24 /home/ahmedalaa/Desktop/eco-jara/project-bolt-sb1-rq8cqfod/project/vendor/laravel/framework/src/Illuminate/Foundation/Http/Middleware/TransformsRequest.php(21): Illuminate\\Pipeline\\Pipeline->Illuminate\\Pipeline\\{closure}()
#25 /home/ahmedalaa/Desktop/eco-jara/project-bolt-sb1-rq8cqfod/project/vendor/laravel/framework/src/Illuminate/Foundation/Http/Middleware/TrimStrings.php(51): Illuminate\\Foundation\\Http\\Middleware\\TransformsRequest->handle()
#26 /home/ahmedalaa/Desktop/eco-jara/project-bolt-sb1-rq8cqfod/project/vendor/laravel/framework/src/Illuminate/Pipeline/Pipeline.php(209): Illuminate\\Foundation\\Http\\Middleware\\TrimStrings->handle()
#27 /home/ahmedalaa/Desktop/eco-jara/project-bolt-sb1-rq8cqfod/project/vendor/laravel/framework/src/Illuminate/Http/Middleware/ValidatePostSize.php(27): Illuminate\\Pipeline\\Pipeline->Illuminate\\Pipeline\\{closure}()
#28 /home/ahmedalaa/Desktop/eco-jara/project-bolt-sb1-rq8cqfod/project/vendor/laravel/framework/src/Illuminate/Pipeline/Pipeline.php(209): Illuminate\\Http\\Middleware\\ValidatePostSize->handle()
#29 /home/ahmedalaa/Desktop/eco-jara/project-bolt-sb1-rq8cqfod/project/vendor/laravel/framework/src/Illuminate/Foundation/Http/Middleware/PreventRequestsDuringMaintenance.php(110): Illuminate\\Pipeline\\Pipeline->Illuminate\\Pipeline\\{closure}()
#30 /home/ahmedalaa/Desktop/eco-jara/project-bolt-sb1-rq8cqfod/project/vendor/laravel/framework/src/Illuminate/Pipeline/Pipeline.php(209): Illuminate\\Foundation\\Http\\Middleware\\PreventRequestsDuringMaintenance->handle()
#31 /home/ahmedalaa/Desktop/eco-jara/project-bolt-sb1-rq8cqfod/project/vendor/laravel/framework/src/Illuminate/Http/Middleware/HandleCors.php(49): Illuminate\\Pipeline\\Pipeline->Illuminate\\Pipeline\\{closure}()
#32 /home/ahmedalaa/Desktop/eco-jara/project-bolt-sb1-rq8cqfod/project/vendor/laravel/framework/src/Illuminate/Pipeline/Pipeline.php(209): Illuminate\\Http\\Middleware\\HandleCors->handle()
#33 /home/ahmedalaa/Desktop/eco-jara/project-bolt-sb1-rq8cqfod/project/vendor/laravel/framework/src/Illuminate/Http/Middleware/TrustProxies.php(58): Illuminate\\Pipeline\\Pipeline->Illuminate\\Pipeline\\{closure}()
#34 /home/ahmedalaa/Desktop/eco-jara/project-bolt-sb1-rq8cqfod/project/vendor/laravel/framework/src/Illuminate/Pipeline/Pipeline.php(209): Illuminate\\Http\\Middleware\\TrustProxies->handle()
#35 /home/ahmedalaa/Desktop/eco-jara/project-bolt-sb1-rq8cqfod/project/vendor/laravel/framework/src/Illuminate/Foundation/Http/Middleware/InvokeDeferredCallbacks.php(22): Illuminate\\Pipeline\\Pipeline->Illuminate\\Pipeline\\{closure}()
#36 /home/ahmedalaa/Desktop/eco-jara/project-bolt-sb1-rq8cqfod/project/vendor/laravel/framework/src/Illuminate/Pipeline/Pipeline.php(209): Illuminate\\Foundation\\Http\\Middleware\\InvokeDeferredCallbacks->handle()
#37 /home/ahmedalaa/Desktop/eco-jara/project-bolt-sb1-rq8cqfod/project/vendor/laravel/framework/src/Illuminate/Pipeline/Pipeline.php(127): Illuminate\\Pipeline\\Pipeline->Illuminate\\Pipeline\\{closure}()
#38 /home/ahmedalaa/Desktop/eco-jara/project-bolt-sb1-rq8cqfod/project/vendor/laravel/framework/src/Illuminate/Foundation/Http/Kernel.php(176): Illuminate\\Pipeline\\Pipeline->then()
#39 /home/ahmedalaa/Desktop/eco-jara/project-bolt-sb1-rq8cqfod/project/vendor/laravel/framework/src/Illuminate/Foundation/Http/Kernel.php(145): Illuminate\\Foundation\\Http\\Kernel->sendRequestThroughRouter()
#40 /home/ahmedalaa/Desktop/eco-jara/project-bolt-sb1-rq8cqfod/project/public/index.php(51): Illuminate\\Foundation\\Http\\Kernel->handle()
#41 /home/ahmedalaa/Desktop/eco-jara/project-bolt-sb1-rq8cqfod/project/vendor/laravel/framework/src/Illuminate/Foundation/resources/server.php(23): require_once('...')
#42 {main}
"} 
[2025-06-14 19:59:44] local.ERROR: Unsupported cipher or incorrect key length. Supported ciphers are: aes-128-cbc, aes-256-cbc, aes-128-gcm, aes-256-gcm. {"exception":"[object] (RuntimeException(code: 0): Unsupported cipher or incorrect key length. Supported ciphers are: aes-128-cbc, aes-256-cbc, aes-128-gcm, aes-256-gcm. at /home/ahmedalaa/Desktop/eco-jara/project-bolt-sb1-rq8cqfod/project/vendor/laravel/framework/src/Illuminate/Encryption/Encrypter.php:62)
[stacktrace]
#0 /home/ahmedalaa/Desktop/eco-jara/project-bolt-sb1-rq8cqfod/project/vendor/laravel/framework/src/Illuminate/Encryption/EncryptionServiceProvider.php(32): Illuminate\\Encryption\\Encrypter->__construct()
#1 /home/ahmedalaa/Desktop/eco-jara/project-bolt-sb1-rq8cqfod/project/vendor/laravel/framework/src/Illuminate/Container/Container.php(952): Illuminate\\Encryption\\EncryptionServiceProvider->Illuminate\\Encryption\\{closure}()
#2 /home/ahmedalaa/Desktop/eco-jara/project-bolt-sb1-rq8cqfod/project/vendor/laravel/framework/src/Illuminate/Container/Container.php(832): Illuminate\\Container\\Container->build()
#3 /home/ahmedalaa/Desktop/eco-jara/project-bolt-sb1-rq8cqfod/project/vendor/laravel/framework/src/Illuminate/Foundation/Application.php(1078): Illuminate\\Container\\Container->resolve()
#4 /home/ahmedalaa/Desktop/eco-jara/project-bolt-sb1-rq8cqfod/project/vendor/laravel/framework/src/Illuminate/Container/Container.php(763): Illuminate\\Foundation\\Application->resolve()
#5 /home/ahmedalaa/Desktop/eco-jara/project-bolt-sb1-rq8cqfod/project/vendor/laravel/framework/src/Illuminate/Foundation/Application.php(1058): Illuminate\\Container\\Container->make()
#6 /home/ahmedalaa/Desktop/eco-jara/project-bolt-sb1-rq8cqfod/project/vendor/laravel/framework/src/Illuminate/Container/Container.php(1133): Illuminate\\Foundation\\Application->make()
#7 /home/ahmedalaa/Desktop/eco-jara/project-bolt-sb1-rq8cqfod/project/vendor/laravel/framework/src/Illuminate/Container/Container.php(1043): Illuminate\\Container\\Container->resolveClass()
#8 /home/ahmedalaa/Desktop/eco-jara/project-bolt-sb1-rq8cqfod/project/vendor/laravel/framework/src/Illuminate/Container/Container.php(994): Illuminate\\Container\\Container->resolveDependencies()
#9 /home/ahmedalaa/Desktop/eco-jara/project-bolt-sb1-rq8cqfod/project/vendor/laravel/framework/src/Illuminate/Container/Container.php(832): Illuminate\\Container\\Container->build()
#10 /home/ahmedalaa/Desktop/eco-jara/project-bolt-sb1-rq8cqfod/project/vendor/laravel/framework/src/Illuminate/Foundation/Application.php(1078): Illuminate\\Container\\Container->resolve()
#11 /home/ahmedalaa/Desktop/eco-jara/project-bolt-sb1-rq8cqfod/project/vendor/laravel/framework/src/Illuminate/Container/Container.php(763): Illuminate\\Foundation\\Application->resolve()
#12 /home/ahmedalaa/Desktop/eco-jara/project-bolt-sb1-rq8cqfod/project/vendor/laravel/framework/src/Illuminate/Foundation/Application.php(1058): Illuminate\\Container\\Container->make()
#13 /home/ahmedalaa/Desktop/eco-jara/project-bolt-sb1-rq8cqfod/project/vendor/laravel/framework/src/Illuminate/Foundation/Http/Kernel.php(258): Illuminate\\Foundation\\Application->make()
#14 /home/ahmedalaa/Desktop/eco-jara/project-bolt-sb1-rq8cqfod/project/vendor/laravel/framework/src/Illuminate/Foundation/Http/Kernel.php(216): Illuminate\\Foundation\\Http\\Kernel->terminateMiddleware()
#15 /home/ahmedalaa/Desktop/eco-jara/project-bolt-sb1-rq8cqfod/project/public/index.php(55): Illuminate\\Foundation\\Http\\Kernel->terminate()
#16 /home/ahmedalaa/Desktop/eco-jara/project-bolt-sb1-rq8cqfod/project/vendor/laravel/framework/src/Illuminate/Foundation/resources/server.php(23): require_once('...')
#17 {main}
"} 
[2025-06-14 19:59:45] local.ERROR: Uncaught ErrorException: Cannot modify header information - headers already sent by (output started at /home/ahmedalaa/Desktop/eco-jara/project-bolt-sb1-rq8cqfod/project/vendor/symfony/http-foundation/Response.php:387) in /home/ahmedalaa/Desktop/eco-jara/project-bolt-sb1-rq8cqfod/project/vendor/symfony/http-foundation/Response.php:322
Stack trace:
#0 /home/ahmedalaa/Desktop/eco-jara/project-bolt-sb1-rq8cqfod/project/vendor/laravel/framework/src/Illuminate/Foundation/Bootstrap/HandleExceptions.php(256): Illuminate\Foundation\Bootstrap\HandleExceptions->handleError()
#1 [internal function]: Illuminate\Foundation\Bootstrap\HandleExceptions->Illuminate\Foundation\Bootstrap\{closure}()
#2 /home/ahmedalaa/Desktop/eco-jara/project-bolt-sb1-rq8cqfod/project/vendor/symfony/http-foundation/Response.php(322): header()
#3 /home/ahmedalaa/Desktop/eco-jara/project-bolt-sb1-rq8cqfod/project/vendor/symfony/http-foundation/Response.php(401): Symfony\Component\HttpFoundation\Response->sendHeaders()
#4 /home/ahmedalaa/Desktop/eco-jara/project-bolt-sb1-rq8cqfod/project/vendor/laravel/framework/src/Illuminate/Foundation/Bootstrap/HandleExceptions.php(219): Symfony\Component\HttpFoundation\Response->send()
#5 /home/ahmedalaa/Desktop/eco-jara/project-bolt-sb1-rq8cqfod/project/vendor/laravel/framework/src/Illuminate/Foundation/Bootstrap/HandleExceptions.php(196): Illuminate\Foundation\Bootstrap\HandleExceptions->renderHttpResponse()
#6 /home/ahmedalaa/Desktop/eco-jara/project-bolt-sb1-rq8cqfod/project/vendor/laravel/framework/src/Illuminate/Foundation/Bootstrap/HandleExceptions.php(256): Illuminate\Foundation\Bootstrap\HandleExceptions->handleException()
#7 [internal function]: Illuminate\Foundation\Bootstrap\HandleExceptions->Illuminate\Foundation\Bootstrap\{closure}()
#8 {main}
  thrown {"exception":"[object] (Symfony\\Component\\ErrorHandler\\Error\\FatalError(code: 0): Uncaught ErrorException: Cannot modify header information - headers already sent by (output started at /home/ahmedalaa/Desktop/eco-jara/project-bolt-sb1-rq8cqfod/project/vendor/symfony/http-foundation/Response.php:387) in /home/ahmedalaa/Desktop/eco-jara/project-bolt-sb1-rq8cqfod/project/vendor/symfony/http-foundation/Response.php:322
Stack trace:
#0 /home/ahmedalaa/Desktop/eco-jara/project-bolt-sb1-rq8cqfod/project/vendor/laravel/framework/src/Illuminate/Foundation/Bootstrap/HandleExceptions.php(256): Illuminate\\Foundation\\Bootstrap\\HandleExceptions->handleError()
#1 [internal function]: Illuminate\\Foundation\\Bootstrap\\HandleExceptions->Illuminate\\Foundation\\Bootstrap\\{closure}()
#2 /home/ahmedalaa/Desktop/eco-jara/project-bolt-sb1-rq8cqfod/project/vendor/symfony/http-foundation/Response.php(322): header()
#3 /home/ahmedalaa/Desktop/eco-jara/project-bolt-sb1-rq8cqfod/project/vendor/symfony/http-foundation/Response.php(401): Symfony\\Component\\HttpFoundation\\Response->sendHeaders()
#4 /home/ahmedalaa/Desktop/eco-jara/project-bolt-sb1-rq8cqfod/project/vendor/laravel/framework/src/Illuminate/Foundation/Bootstrap/HandleExceptions.php(219): Symfony\\Component\\HttpFoundation\\Response->send()
#5 /home/ahmedalaa/Desktop/eco-jara/project-bolt-sb1-rq8cqfod/project/vendor/laravel/framework/src/Illuminate/Foundation/Bootstrap/HandleExceptions.php(196): Illuminate\\Foundation\\Bootstrap\\HandleExceptions->renderHttpResponse()
#6 /home/ahmedalaa/Desktop/eco-jara/project-bolt-sb1-rq8cqfod/project/vendor/laravel/framework/src/Illuminate/Foundation/Bootstrap/HandleExceptions.php(256): Illuminate\\Foundation\\Bootstrap\\HandleExceptions->handleException()
#7 [internal function]: Illuminate\\Foundation\\Bootstrap\\HandleExceptions->Illuminate\\Foundation\\Bootstrap\\{closure}()
#8 {main}
  thrown at /home/ahmedalaa/Desktop/eco-jara/project-bolt-sb1-rq8cqfod/project/vendor/symfony/http-foundation/Response.php:322)
[stacktrace]
#0 /home/ahmedalaa/Desktop/eco-jara/project-bolt-sb1-rq8cqfod/project/vendor/laravel/framework/src/Illuminate/Foundation/Bootstrap/HandleExceptions.php(245): Symfony\\Component\\ErrorHandler\\Error\\FatalError->__construct(message: '...', code: '...', error: '...', traceOffset: '...', traceArgs: '...', trace: '...')
#1 /home/ahmedalaa/Desktop/eco-jara/project-bolt-sb1-rq8cqfod/project/vendor/laravel/framework/src/Illuminate/Foundation/Bootstrap/HandleExceptions.php(232): Illuminate\\Foundation\\Bootstrap\\HandleExceptions->fatalErrorFromPhpError(error: '...', traceOffset: '...')
#2 /home/ahmedalaa/Desktop/eco-jara/project-bolt-sb1-rq8cqfod/project/vendor/laravel/framework/src/Illuminate/Foundation/Bootstrap/HandleExceptions.php(256): Illuminate\\Foundation\\Bootstrap\\HandleExceptions->handleShutdown()
#3 /home/ahmedalaa/Desktop/eco-jara/project-bolt-sb1-rq8cqfod/project/vendor/laravel/framework/src/Illuminate/Foundation/Bootstrap/HandleExceptions.php(0): Illuminate\\Foundation\\Bootstrap\\HandleExceptions->Illuminate\\Foundation\\Bootstrap\\{closure:/home/ahmedalaa/Desktop/eco-jara/project-bolt-sb1-rq8cqfod/project/vendor/laravel/framework/src/Illuminate/Foundation/Bootstrap/HandleExceptions.php:255-257}()
#4 {main}
"} 
